Info: Generated by version: 20.4 build 72
Info: Starting: Create block symbol file (.bsf)
Info: qsys-generate C:\Lily_Zhang\GBS20V1\FPGA\Cyclone10\10GX1280M_test-master\10GX1280M_test-master_bk20210609\src\genclktree.ip --block-symbol-file --output-directory=C:\Lily_Zhang\GBS20V1\FPGA\Cyclone10\10GX1280M_test-master\10GX1280M_test-master_bk20210609\src\genclktree --family="Cyclone 10 GX" --part=10CX220YF780E5G
Info: genclktree.iopll_0: Able to implement PLL with user settings
Info: qsys-generate succeeded.
Info: Finished: Create block symbol file (.bsf)
Info: 
Info: Starting: Create HDL design files for synthesis
Info: qsys-generate C:\Lily_Zhang\GBS20V1\FPGA\Cyclone10\10GX1280M_test-master\10GX1280M_test-master_bk20210609\src\genclktree.ip --synthesis=VERILOG --output-directory=C:\Lily_Zhang\GBS20V1\FPGA\Cyclone10\10GX1280M_test-master\10GX1280M_test-master_bk20210609\src\genclktree --family="Cyclone 10 GX" --part=10CX220YF780E5G
Info: genclktree.iopll_0: Able to implement PLL with user settings
Info: genclktree: "Transforming system: genclktree"
Info: genclktree: "Naming system components in system: genclktree"
Info: genclktree: "Processing generation queue"
Info: genclktree: "Generating: genclktree"
Info: genclktree: "Generating: genclktree_altera_iopll_1931_uu4i6tq"
Info: genclktree: Done "genclktree" with 2 modules, 2 files
Info: qsys-generate succeeded.
Info: Finished: Create HDL design files for synthesis
Info: Starting: Generate IP Core Documentation
Info: No documentation filesets were found for components in genclktree. No files generated.
Info: Finished: Generate IP Core Documentation
